2020-01-16 16:58:19,940 [main] INFO  [com.evan.CanalApplication] StartupInfoLogger.java:50 - Starting CanalApplication on citrix-2-004 with PID 20752 (C:\Users\xu.yatao\Desktop\db-canal\target\classes started by xu.yatao in C:\Users\xu.yatao\Desktop\db-canal)
2020-01-16 16:58:19,945 [main] INFO  [com.evan.CanalApplication] SpringApplication.java:647 - No active profile set, falling back to default profiles: default
2020-01-16 16:58:21,554 [main] WARN  [o.s.c.a.AnnotationConfigApplicationContext] AbstractApplicationContext.java:557 - Exception encountered during context initialization - cancelling refresh attempt: org.springframework.beans.factory.UnsatisfiedDependencyException: Error creating bean with name 'myAnnoEventListener' defined in file [C:\Users\xu.yatao\Desktop\db-canal\target\classes\com\evan\listener\MyAnnoEventListener.class]: Unsatisfied dependency expressed through constructor parameter 1; nested exception is org.springframework.beans.factory.UnsatisfiedDependencyException: Error creating bean with name 'schemaServiceImpl' defined in file [C:\Users\xu.yatao\Desktop\db-canal\target\classes\com\evan\service\impl\SchemaServiceImpl.class]: Unsatisfied dependency expressed through constructor parameter 0; nested exception is org.springframework.beans.factory.UnsatisfiedDependencyException: Error creating bean with name 'schemaMapper' defined in file [C:\Users\xu.yatao\Desktop\db-canal\target\classes\com\evan\mapper\SchemaMapper.class]: Unsatisfied dependency expressed through bean property 'sqlSessionFactory'; nested exception is org.springframework.beans.factory.UnsatisfiedDependencyException: Error creating bean with name 'sqlSessionFactory' defined in class path resource [org/mybatis/spring/boot/autoconfigure/MybatisAutoConfiguration.class]: Unsatisfied dependency expressed through method 'sqlSessionFactory' parameter 0; nested exception is org.springframework.beans.factory.BeanCreationException: Error creating bean with name 'dataSource' defined in class path resource [org/springframework/boot/autoconfigure/jdbc/DataSourceConfiguration$Hikari.class]: Initialization of bean failed; nested exception is org.springframework.beans.factory.BeanCreationException: Error creating bean with name 'org.springframework.boot.autoconfigure.jdbc.DataSourceInitializerInvoker': Invocation of init method failed; nested exception is org.springframework.boot.context.properties.source.InvalidConfigurationPropertyValueException: Property spring.datasource.schema with value 'class path resource [db/schema.sql]' is invalid: The specified resource does not exist.
2020-01-16 16:58:21,567 [main] INFO  [o.s.b.a.l.ConditionEvaluationReportLoggingListener] ConditionEvaluationReportLoggingListener.java:136 - 

Error starting ApplicationContext. To display the conditions report re-run your application with 'debug' enabled.
2020-01-16 16:59:53,798 [main] INFO  [com.evan.CanalApplication] StartupInfoLogger.java:50 - Starting CanalApplication on citrix-2-004 with PID 9540 (C:\Users\xu.yatao\Desktop\db-canal\target\classes started by xu.yatao in C:\Users\xu.yatao\Desktop\db-canal)
2020-01-16 16:59:53,804 [main] INFO  [com.evan.CanalApplication] SpringApplication.java:647 - No active profile set, falling back to default profiles: default
2020-01-16 16:59:55,698 [main] INFO  [com.evan.config.CanalClientConfiguration] CanalClientConfiguration.java:41 - 正在尝试连接 canal 客户端....
2020-01-16 16:59:55,711 [main] INFO  [com.evan.client.SimpleCanalClient] SimpleCanalClient.java:96 - main: 监听器正在初始化....
2020-01-16 17:00:18,807 [main] INFO  [com.evan.client.SimpleCanalClient] SimpleCanalClient.java:124 - main: 监听器初始化完成.
2020-01-16 17:00:18,808 [main] INFO  [com.evan.config.CanalClientConfiguration] CanalClientConfiguration.java:45 - 正在尝试开启 canal 客户端....
2020-01-16 17:00:18,922 [main] INFO  [com.evan.config.CanalClientConfiguration] CanalClientConfiguration.java:48 - 启动 canal 客户端成功....
2020-01-16 17:00:19,088 [main] INFO  [com.evan.CanalApplication] StartupInfoLogger.java:59 - Started CanalApplication in 26.295 seconds (JVM running for 27.743)
2020-01-16 17:00:31,472 [pool-1-thread-1] INFO  [com.evan.listener.MyAnnoEventListener] MyAnnoEventListener.java:33 - 新增数据操作
2020-01-16 22:38:23,068 [main] INFO  [com.evan.CanalApplication] StartupInfoLogger.java:50 - Starting CanalApplication on citrix-2-004 with PID 7104 (C:\Users\xu.yatao\Desktop\db-canal\target\classes started by xu.yatao in C:\Users\xu.yatao\Desktop\db-canal)
2020-01-16 22:38:23,076 [main] INFO  [com.evan.CanalApplication] SpringApplication.java:647 - No active profile set, falling back to default profiles: default
2020-01-16 22:38:24,579 [main] INFO  [com.evan.config.CanalClientConfiguration] CanalClientConfiguration.java:41 - 正在尝试连接 canal 客户端....
2020-01-16 22:38:24,583 [main] INFO  [com.evan.client.SimpleCanalClient] SimpleCanalClient.java:96 - main: 监听器正在初始化....
2020-01-16 22:38:24,593 [main] INFO  [com.evan.client.SimpleCanalClient] SimpleCanalClient.java:124 - main: 监听器初始化完成.
2020-01-16 22:38:24,594 [main] INFO  [com.evan.config.CanalClientConfiguration] CanalClientConfiguration.java:45 - 正在尝试开启 canal 客户端....
2020-01-16 22:38:28,057 [main] INFO  [com.evan.config.CanalClientConfiguration] CanalClientConfiguration.java:48 - 启动 canal 客户端成功....
2020-01-16 22:38:28,225 [main] INFO  [com.evan.CanalApplication] StartupInfoLogger.java:59 - Started CanalApplication in 6.042 seconds (JVM running for 7.113)
2020-01-16 22:38:28,339 [pool-1-thread-1] INFO  [com.evan.listener.MyAnnoEventListener] MyAnnoEventListener.java:34 - 新增数据操作
2020-01-16 22:40:07,659 [pool-1-thread-1] INFO  [com.evan.listener.MyAnnoEventListener] MyAnnoEventListener.java:34 - 新增数据操作
2020-01-16 22:50:43,892 [pool-1-thread-1] INFO  [com.evan.listener.MyAnnoEventListener] MyAnnoEventListener.java:34 - 新增数据操作
